Determining if the pthread_create exist failed with the following output:
Change Dir: /tmp/tmp.ycYCPoRMKx/cmake-build-debug/CMakeFiles/CMakeTmp

Run Build Command:"/usr/bin/make" "cmTC_98dad/fast"
/usr/bin/make -f CMakeFiles/cmTC_98dad.dir/build.make CMakeFiles/cmTC_98dad.dir/build
make[1]: Entering directory '/tmp/tmp.ycYCPoRMKx/cmake-build-debug/CMakeFiles/CMakeTmp'
Building C object CMakeFiles/cmTC_98dad.dir/CheckSymbolExists.c.o
/usr/bin/cc    -o CMakeFiles/cmTC_98dad.dir/CheckSymbolExists.c.o   -c /tmp/tmp.ycYCPoRMKx/cmake-build-debug/CMakeFiles/CMakeTmp/CheckSymbolExists.c
Linking C executable cmTC_98dad
/usr/bin/cmake -E cmake_link_script CMakeFiles/cmTC_98dad.dir/link.txt --verbose=1
/usr/bin/cc      -rdynamic CMakeFiles/cmTC_98dad.dir/CheckSymbolExists.c.o  -o cmTC_98dad 
CMakeFiles/cmTC_98dad.dir/CheckSymbolExists.c.o: In function `main':
CheckSymbolExists.c:(.text+0x1b): undefined reference to `pthread_create'
collect2: error: ld returned 1 exit status
CMakeFiles/cmTC_98dad.dir/build.make:97: recipe for target 'cmTC_98dad' failed
make[1]: *** [cmTC_98dad] Error 1
make[1]: Leaving directory '/tmp/tmp.ycYCPoRMKx/cmake-build-debug/CMakeFiles/CMakeTmp'
Makefile:126: recipe for target 'cmTC_98dad/fast' failed
make: *** [cmTC_98dad/fast] Error 2

File /tmp/tmp.ycYCPoRMKx/cmake-build-debug/CMakeFiles/CMakeTmp/CheckSymbolExists.c:
/* */
#include <pthread.h>

int main(int argc, char** argv)
{
  (void)argv;
#ifndef pthread_create
  return ((int*)(&pthread_create))[argc];
#else
  (void)argc;
  return 0;
#endif
}

Determining if the function pthread_create exists in the pthreads failed with the following output:
Change Dir: /tmp/tmp.ycYCPoRMKx/cmake-build-debug/CMakeFiles/CMakeTmp

Run Build Command:"/usr/bin/make" "cmTC_4b594/fast"
/usr/bin/make -f CMakeFiles/cmTC_4b594.dir/build.make CMakeFiles/cmTC_4b594.dir/build
make[1]: Entering directory '/tmp/tmp.ycYCPoRMKx/cmake-build-debug/CMakeFiles/CMakeTmp'
Building C object CMakeFiles/cmTC_4b594.dir/CheckFunctionExists.c.o
/usr/bin/cc   -DCHECK_FUNCTION_EXISTS=pthread_create   -o CMakeFiles/cmTC_4b594.dir/CheckFunctionExists.c.o   -c /usr/share/cmake-3.10/Modules/CheckFunctionExists.c
Linking C executable cmTC_4b594
/usr/bin/cmake -E cmake_link_script CMakeFiles/cmTC_4b594.dir/link.txt --verbose=1
/usr/bin/cc  -DCHECK_FUNCTION_EXISTS=pthread_create    -rdynamic CMakeFiles/cmTC_4b594.dir/CheckFunctionExists.c.o  -o cmTC_4b594 -lpthreads 
/usr/bin/ld: cannot find -lpthreads
collect2: error: ld returned 1 exit status
CMakeFiles/cmTC_4b594.dir/build.make:97: recipe for target 'cmTC_4b594' failed
make[1]: *** [cmTC_4b594] Error 1
make[1]: Leaving directory '/tmp/tmp.ycYCPoRMKx/cmake-build-debug/CMakeFiles/CMakeTmp'
Makefile:126: recipe for target 'cmTC_4b594/fast' failed
make: *** [cmTC_4b594/fast] Error 2


